2023-01-31T11:03:29.670+05:30  INFO 14212 --- [restartedMain] c.e.b.BookstoreBackendappCfpApplication  : Starting BookstoreBackendappCfpApplication using Java 18.0.2.1 with PID 14212 (E:\brglabz\CFP\bookstore-backendapp-cfp\target\classes started by iliya in E:\brglabz\CFP\bookstore-backendapp-cfp)
2023-01-31T11:03:29.767+05:30 DEBUG 14212 --- [restartedMain] c.e.b.BookstoreBackendappCfpApplication  : Running with Spring Boot v3.0.2, Spring v6.0.4
2023-01-31T11:03:29.769+05:30  INFO 14212 --- [restartedMain] c.e.b.BookstoreBackendappCfpApplication  : The following 1 profile is active: "dev"
2023-01-31T11:04:18.858+05:30 DEBUG 14212 --- [restartedMain] c.e.b.filter.JwtFilter                   : Filter 'jwtFilter' configured for use
2023-01-31T11:04:19.478+05:30  WARN 14212 --- [restartedMain] ConfigServletWebServerApplicationContext : Exception encountered during context initialization - cancelling refresh attempt: org.springframework.beans.factory.UnsatisfiedDependencyException: Error creating bean with name 'bookController': Unsatisfied dependency expressed through field 'bookService': Error creating bean with name 'bookService': Unsatisfied dependency expressed through field 'bookRepo': Error creating bean with name 'bookRepository' defined in com.example.bookstorebackendappcfp.repository.BookRepository defined in @EnableJpaRepositories declared on JpaRepositoriesRegistrar.EnableJpaRepositoriesConfiguration: Not a managed type: class com.example.bookstorebackendappcfp.Model.Book
2023-01-31T11:04:21.805+05:30 ERROR 14212 --- [restartedMain] o.s.boot.SpringApplication               : Application run failed

org.springframework.beans.factory.UnsatisfiedDependencyException: Error creating bean with name 'bookController': Unsatisfied dependency expressed through field 'bookService': Error creating bean with name 'bookService': Unsatisfied dependency expressed through field 'bookRepo': Error creating bean with name 'bookRepository' defined in com.example.bookstorebackendappcfp.repository.BookRepository defined in @EnableJpaRepositories declared on JpaRepositoriesRegistrar.EnableJpaRepositoriesConfiguration: Not a managed type: class com.example.bookstorebackendappcfp.Model.Book
	at org.springframework.beans.factory.annotation.AutowiredAnnotationBeanPostProcessor$AutowiredFieldElement.resolveFieldValue(AutowiredAnnotationBeanPostProcessor.java:712) ~[spring-beans-6.0.4.jar:6.0.4]
	at org.springframework.beans.factory.annotation.AutowiredAnnotationBeanPostProcessor$AutowiredFieldElement.inject(AutowiredAnnotationBeanPostProcessor.java:692) ~[spring-beans-6.0.4.jar:6.0.4]
	at org.springframework.beans.factory.annotation.InjectionMetadata.inject(InjectionMetadata.java:133) ~[spring-beans-6.0.4.jar:6.0.4]
	at org.springframework.beans.factory.annotation.AutowiredAnnotationBeanPostProcessor.postProcessProperties(AutowiredAnnotationBeanPostProcessor.java:481) ~[spring-beans-6.0.4.jar:6.0.4]
	at org.springframework.beans.factory.support.AbstractAutowireCapableBeanFactory.populateBean(AbstractAutowireCapableBeanFactory.java:1397) ~[spring-beans-6.0.4.jar:6.0.4]
	at org.springframework.beans.factory.support.AbstractAutowireCapableBeanFactory.doCreateBean(AbstractAutowireCapableBeanFactory.java:598) ~[spring-beans-6.0.4.jar:6.0.4]
	at org.springframework.beans.factory.support.AbstractAutowireCapableBeanFactory.createBean(AbstractAutowireCapableBeanFactory.java:521) ~[spring-beans-6.0.4.jar:6.0.4]
	at org.springframework.beans.factory.support.AbstractBeanFactory.lambda$doGetBean$0(AbstractBeanFactory.java:326) ~[spring-beans-6.0.4.jar:6.0.4]
	at org.springframework.beans.factory.support.DefaultSingletonBeanRegistry.getSingleton(DefaultSingletonBeanRegistry.java:234) ~[spring-beans-6.0.4.jar:6.0.4]
	at org.springframework.beans.factory.support.AbstractBeanFactory.doGetBean(AbstractBeanFactory.java:324) ~[spring-beans-6.0.4.jar:6.0.4]
	at org.springframework.beans.factory.support.AbstractBeanFactory.getBean(AbstractBeanFactory.java:200) ~[spring-beans-6.0.4.jar:6.0.4]
	at org.springframework.beans.factory.support.DefaultListableBeanFactory.preInstantiateSingletons(DefaultListableBeanFactory.java:961) ~[spring-beans-6.0.4.jar:6.0.4]
	at org.springframework.context.support.AbstractApplicationContext.finishBeanFactoryInitialization(AbstractApplicationContext.java:915) ~[spring-context-6.0.4.jar:6.0.4]
	at org.springframework.context.support.AbstractApplicationContext.refresh(AbstractApplicationContext.java:584) ~[spring-context-6.0.4.jar:6.0.4]
	at org.springframework.boot.web.servlet.context.ServletWebServerApplicationContext.refresh(ServletWebServerApplicationContext.java:146) ~[spring-boot-3.0.2.jar:3.0.2]
	at org.springframework.boot.SpringApplication.refresh(SpringApplication.java:730) ~[spring-boot-3.0.2.jar:3.0.2]
	at org.springframework.boot.SpringApplication.refreshContext(SpringApplication.java:432) ~[spring-boot-3.0.2.jar:3.0.2]
	at org.springframework.boot.SpringApplication.run(SpringApplication.java:308) ~[spring-boot-3.0.2.jar:3.0.2]
	at org.springframework.boot.SpringApplication.run(SpringApplication.java:1302) ~[spring-boot-3.0.2.jar:3.0.2]
	at org.springframework.boot.SpringApplication.run(SpringApplication.java:1291) ~[spring-boot-3.0.2.jar:3.0.2]
	at com.example.bookstorebackendappcfp.BookstoreBackendappCfpApplication.main(BookstoreBackendappCfpApplication.java:14) ~[classes/:na]
	at java.base/jdk.internal.reflect.DirectMethodHandleAccessor.invoke(DirectMethodHandleAccessor.java:104) ~[na:na]
	at java.base/java.lang.reflect.Method.invoke(Method.java:577) ~[na:na]
	at org.springframework.boot.devtools.restart.RestartLauncher.run(RestartLauncher.java:49) ~[spring-boot-devtools-3.0.2.jar:3.0.2]
Caused by: org.springframework.beans.factory.UnsatisfiedDependencyException: Error creating bean with name 'bookService': Unsatisfied dependency expressed through field 'bookRepo': Error creating bean with name 'bookRepository' defined in com.example.bookstorebackendappcfp.repository.BookRepository defined in @EnableJpaRepositories declared on JpaRepositoriesRegistrar.EnableJpaRepositoriesConfiguration: Not a managed type: class com.example.bookstorebackendappcfp.Model.Book
	at org.springframework.beans.factory.annotation.AutowiredAnnotationBeanPostProcessor$AutowiredFieldElement.resolveFieldValue(AutowiredAnnotationBeanPostProcessor.java:712) ~[spring-beans-6.0.4.jar:6.0.4]
	at org.springframework.beans.factory.annotation.AutowiredAnnotationBeanPostProcessor$AutowiredFieldElement.inject(AutowiredAnnotationBeanPostProcessor.java:692) ~[spring-beans-6.0.4.jar:6.0.4]
	at org.springframework.beans.factory.annotation.InjectionMetadata.inject(InjectionMetadata.java:133) ~[spring-beans-6.0.4.jar:6.0.4]
	at org.springframework.beans.factory.annotation.AutowiredAnnotationBeanPostProcessor.postProcessProperties(AutowiredAnnotationBeanPostProcessor.java:481) ~[spring-beans-6.0.4.jar:6.0.4]
	at org.springframework.beans.factory.support.AbstractAutowireCapableBeanFactory.populateBean(AbstractAutowireCapableBeanFactory.java:1397) ~[spring-beans-6.0.4.jar:6.0.4]
	at org.springframework.beans.factory.support.AbstractAutowireCapableBeanFactory.doCreateBean(AbstractAutowireCapableBeanFactory.java:598) ~[spring-beans-6.0.4.jar:6.0.4]
	at org.springframework.beans.factory.support.AbstractAutowireCapableBeanFactory.createBean(AbstractAutowireCapableBeanFactory.java:521) ~[spring-beans-6.0.4.jar:6.0.4]
	at org.springframework.beans.factory.support.AbstractBeanFactory.lambda$doGetBean$0(AbstractBeanFactory.java:326) ~[spring-beans-6.0.4.jar:6.0.4]
	at org.springframework.beans.factory.support.DefaultSingletonBeanRegistry.getSingleton(DefaultSingletonBeanRegistry.java:234) ~[spring-beans-6.0.4.jar:6.0.4]
	at org.springframework.beans.factory.support.AbstractBeanFactory.doGetBean(AbstractBeanFactory.java:324) ~[spring-beans-6.0.4.jar:6.0.4]
	at org.springframework.beans.factory.support.AbstractBeanFactory.getBean(AbstractBeanFactory.java:200) ~[spring-beans-6.0.4.jar:6.0.4]
	at org.springframework.beans.factory.config.DependencyDescriptor.resolveCandidate(DependencyDescriptor.java:254) ~[spring-beans-6.0.4.jar:6.0.4]
	at org.springframework.beans.factory.support.DefaultListableBeanFactory.doResolveDependency(DefaultListableBeanFactory.java:1405) ~[spring-beans-6.0.4.jar:6.0.4]
	at org.springframework.beans.factory.support.DefaultListableBeanFactory.resolveDependency(DefaultListableBeanFactory.java:1325) ~[spring-beans-6.0.4.jar:6.0.4]
	at org.springframework.beans.factory.annotation.AutowiredAnnotationBeanPostProcessor$AutowiredFieldElement.resolveFieldValue(AutowiredAnnotationBeanPostProcessor.java:709) ~[spring-beans-6.0.4.jar:6.0.4]
	... 23 common frames omitted
Caused by: org.springframework.beans.factory.BeanCreationException: Error creating bean with name 'bookRepository' defined in com.example.bookstorebackendappcfp.repository.BookRepository defined in @EnableJpaRepositories declared on JpaRepositoriesRegistrar.EnableJpaRepositoriesConfiguration: Not a managed type: class com.example.bookstorebackendappcfp.Model.Book
	at org.springframework.beans.factory.support.AbstractAutowireCapableBeanFactory.initializeBean(AbstractAutowireCapableBeanFactory.java:1751) ~[spring-beans-6.0.4.jar:6.0.4]
	at org.springframework.beans.factory.support.AbstractAutowireCapableBeanFactory.doCreateBean(AbstractAutowireCapableBeanFactory.java:599) ~[spring-beans-6.0.4.jar:6.0.4]
	at org.springframework.beans.factory.support.AbstractAutowireCapableBeanFactory.createBean(AbstractAutowireCapableBeanFactory.java:521) ~[spring-beans-6.0.4.jar:6.0.4]
	at org.springframework.beans.factory.support.AbstractBeanFactory.lambda$doGetBean$0(AbstractBeanFactory.java:326) ~[spring-beans-6.0.4.jar:6.0.4]
	at org.springframework.beans.factory.support.DefaultSingletonBeanRegistry.getSingleton(DefaultSingletonBeanRegistry.java:234) ~[spring-beans-6.0.4.jar:6.0.4]
	at org.springframework.beans.factory.support.AbstractBeanFactory.doGetBean(AbstractBeanFactory.java:324) ~[spring-beans-6.0.4.jar:6.0.4]
	at org.springframework.beans.factory.support.AbstractBeanFactory.getBean(AbstractBeanFactory.java:200) ~[spring-beans-6.0.4.jar:6.0.4]
	at org.springframework.beans.factory.config.DependencyDescriptor.resolveCandidate(DependencyDescriptor.java:254) ~[spring-beans-6.0.4.jar:6.0.4]
	at org.springframework.beans.factory.support.DefaultListableBeanFactory.doResolveDependency(DefaultListableBeanFactory.java:1405) ~[spring-beans-6.0.4.jar:6.0.4]
	at org.springframework.beans.factory.support.DefaultListableBeanFactory.resolveDependency(DefaultListableBeanFactory.java:1325) ~[spring-beans-6.0.4.jar:6.0.4]
	at org.springframework.beans.factory.annotation.AutowiredAnnotationBeanPostProcessor$AutowiredFieldElement.resolveFieldValue(AutowiredAnnotationBeanPostProcessor.java:709) ~[spring-beans-6.0.4.jar:6.0.4]
	... 37 common frames omitted
Caused by: java.lang.IllegalArgumentException: Not a managed type: class com.example.bookstorebackendappcfp.Model.Book
	at org.hibernate.metamodel.model.domain.internal.JpaMetamodelImpl.managedType(JpaMetamodelImpl.java:181) ~[hibernate-core-6.1.6.Final.jar:6.1.6.Final]
	at org.hibernate.metamodel.model.domain.internal.MappingMetamodelImpl.managedType(MappingMetamodelImpl.java:496) ~[hibernate-core-6.1.6.Final.jar:6.1.6.Final]
	at org.hibernate.metamodel.model.domain.internal.MappingMetamodelImpl.managedType(MappingMetamodelImpl.java:99) ~[hibernate-core-6.1.6.Final.jar:6.1.6.Final]
	at org.springframework.data.jpa.repository.support.JpaMetamodelEntityInformation.<init>(JpaMetamodelEntityInformation.java:77) ~[spring-data-jpa-3.0.1.jar:3.0.1]
	at org.springframework.data.jpa.repository.support.JpaEntityInformationSupport.getEntityInformation(JpaEntityInformationSupport.java:69) ~[spring-data-jpa-3.0.1.jar:3.0.1]
	at org.springframework.data.jpa.repository.support.JpaRepositoryFactory.getEntityInformation(JpaRepositoryFactory.java:246) ~[spring-data-jpa-3.0.1.jar:3.0.1]
	at org.springframework.data.jpa.repository.support.JpaRepositoryFactory.getTargetRepository(JpaRepositoryFactory.java:211) ~[spring-data-jpa-3.0.1.jar:3.0.1]
	at org.springframework.data.jpa.repository.support.JpaRepositoryFactory.getTargetRepository(JpaRepositoryFactory.java:194) ~[spring-data-jpa-3.0.1.jar:3.0.1]
	at org.springframework.data.jpa.repository.support.JpaRepositoryFactory.getTargetRepository(JpaRepositoryFactory.java:81) ~[spring-data-jpa-3.0.1.jar:3.0.1]
	at org.springframework.data.repository.core.support.RepositoryFactorySupport.getRepository(RepositoryFactorySupport.java:317) ~[spring-data-commons-3.0.1.jar:3.0.1]
	at org.springframework.data.repository.core.support.RepositoryFactoryBeanSupport.lambda$afterPropertiesSet$5(RepositoryFactoryBeanSupport.java:279) ~[spring-data-commons-3.0.1.jar:3.0.1]
	at org.springframework.data.util.Lazy.getNullable(Lazy.java:245) ~[spring-data-commons-3.0.1.jar:3.0.1]
	at org.springframework.data.util.Lazy.get(Lazy.java:114) ~[spring-data-commons-3.0.1.jar:3.0.1]
	at org.springframework.data.repository.core.support.RepositoryFactoryBeanSupport.afterPropertiesSet(RepositoryFactoryBeanSupport.java:285) ~[spring-data-commons-3.0.1.jar:3.0.1]
	at org.springframework.data.jpa.repository.support.JpaRepositoryFactoryBean.afterPropertiesSet(JpaRepositoryFactoryBean.java:132) ~[spring-data-jpa-3.0.1.jar:3.0.1]
	at org.springframework.beans.factory.support.AbstractAutowireCapableBeanFactory.invokeInitMethods(AbstractAutowireCapableBeanFactory.java:1797) ~[spring-beans-6.0.4.jar:6.0.4]
	at org.springframework.beans.factory.support.AbstractAutowireCapableBeanFactory.initializeBean(AbstractAutowireCapableBeanFactory.java:1747) ~[spring-beans-6.0.4.jar:6.0.4]
	... 47 common frames omitted

2023-01-31T11:04:44.231+05:30  INFO 2188 --- [restartedMain] c.e.b.BookstoreBackendappCfpApplication  : Starting BookstoreBackendappCfpApplication using Java 18.0.2.1 with PID 2188 (E:\brglabz\CFP\bookstore-backendapp-cfp\target\classes started by iliya in E:\brglabz\CFP\bookstore-backendapp-cfp)
2023-01-31T11:04:44.234+05:30 DEBUG 2188 --- [restartedMain] c.e.b.BookstoreBackendappCfpApplication  : Running with Spring Boot v3.0.2, Spring v6.0.4
2023-01-31T11:04:44.235+05:30  INFO 2188 --- [restartedMain] c.e.b.BookstoreBackendappCfpApplication  : The following 1 profile is active: "dev"
2023-01-31T11:04:53.092+05:30 DEBUG 2188 --- [restartedMain] c.e.b.filter.JwtFilter                   : Filter 'jwtFilter' configured for use
2023-01-31T11:04:53.182+05:30  WARN 2188 --- [restartedMain] ConfigServletWebServerApplicationContext : Exception encountered during context initialization - cancelling refresh attempt: org.springframework.beans.factory.UnsatisfiedDependencyException: Error creating bean with name 'bookController': Unsatisfied dependency expressed through field 'bookService': Error creating bean with name 'bookService': Unsatisfied dependency expressed through field 'bookRepo': Error creating bean with name 'bookRepository' defined in com.example.bookstorebackendappcfp.repository.BookRepository defined in @EnableJpaRepositories declared on JpaRepositoriesRegistrar.EnableJpaRepositoriesConfiguration: Not a managed type: class com.example.bookstorebackendappcfp.Model.Book
2023-01-31T11:04:53.809+05:30 ERROR 2188 --- [restartedMain] o.s.boot.SpringApplication               : Application run failed

org.springframework.beans.factory.UnsatisfiedDependencyException: Error creating bean with name 'bookController': Unsatisfied dependency expressed through field 'bookService': Error creating bean with name 'bookService': Unsatisfied dependency expressed through field 'bookRepo': Error creating bean with name 'bookRepository' defined in com.example.bookstorebackendappcfp.repository.BookRepository defined in @EnableJpaRepositories declared on JpaRepositoriesRegistrar.EnableJpaRepositoriesConfiguration: Not a managed type: class com.example.bookstorebackendappcfp.Model.Book
	at org.springframework.beans.factory.annotation.AutowiredAnnotationBeanPostProcessor$AutowiredFieldElement.resolveFieldValue(AutowiredAnnotationBeanPostProcessor.java:712) ~[spring-beans-6.0.4.jar:6.0.4]
	at org.springframework.beans.factory.annotation.AutowiredAnnotationBeanPostProcessor$AutowiredFieldElement.inject(AutowiredAnnotationBeanPostProcessor.java:692) ~[spring-beans-6.0.4.jar:6.0.4]
	at org.springframework.beans.factory.annotation.InjectionMetadata.inject(InjectionMetadata.java:133) ~[spring-beans-6.0.4.jar:6.0.4]
	at org.springframework.beans.factory.annotation.AutowiredAnnotationBeanPostProcessor.postProcessProperties(AutowiredAnnotationBeanPostProcessor.java:481) ~[spring-beans-6.0.4.jar:6.0.4]
	at org.springframework.beans.factory.support.AbstractAutowireCapableBeanFactory.populateBean(AbstractAutowireCapableBeanFactory.java:1397) ~[spring-beans-6.0.4.jar:6.0.4]
	at org.springframework.beans.factory.support.AbstractAutowireCapableBeanFactory.doCreateBean(AbstractAutowireCapableBeanFactory.java:598) ~[spring-beans-6.0.4.jar:6.0.4]
	at org.springframework.beans.factory.support.AbstractAutowireCapableBeanFactory.createBean(AbstractAutowireCapableBeanFactory.java:521) ~[spring-beans-6.0.4.jar:6.0.4]
	at org.springframework.beans.factory.support.AbstractBeanFactory.lambda$doGetBean$0(AbstractBeanFactory.java:326) ~[spring-beans-6.0.4.jar:6.0.4]
	at org.springframework.beans.factory.support.DefaultSingletonBeanRegistry.getSingleton(DefaultSingletonBeanRegistry.java:234) ~[spring-beans-6.0.4.jar:6.0.4]
	at org.springframework.beans.factory.support.AbstractBeanFactory.doGetBean(AbstractBeanFactory.java:324) ~[spring-beans-6.0.4.jar:6.0.4]
	at org.springframework.beans.factory.support.AbstractBeanFactory.getBean(AbstractBeanFactory.java:200) ~[spring-beans-6.0.4.jar:6.0.4]
	at org.springframework.beans.factory.support.DefaultListableBeanFactory.preInstantiateSingletons(DefaultListableBeanFactory.java:961) ~[spring-beans-6.0.4.jar:6.0.4]
	at org.springframework.context.support.AbstractApplicationContext.finishBeanFactoryInitialization(AbstractApplicationContext.java:915) ~[spring-context-6.0.4.jar:6.0.4]
	at org.springframework.context.support.AbstractApplicationContext.refresh(AbstractApplicationContext.java:584) ~[spring-context-6.0.4.jar:6.0.4]
	at org.springframework.boot.web.servlet.context.ServletWebServerApplicationContext.refresh(ServletWebServerApplicationContext.java:146) ~[spring-boot-3.0.2.jar:3.0.2]
	at org.springframework.boot.SpringApplication.refresh(SpringApplication.java:730) ~[spring-boot-3.0.2.jar:3.0.2]
	at org.springframework.boot.SpringApplication.refreshContext(SpringApplication.java:432) ~[spring-boot-3.0.2.jar:3.0.2]
	at org.springframework.boot.SpringApplication.run(SpringApplication.java:308) ~[spring-boot-3.0.2.jar:3.0.2]
	at org.springframework.boot.SpringApplication.run(SpringApplication.java:1302) ~[spring-boot-3.0.2.jar:3.0.2]
	at org.springframework.boot.SpringApplication.run(SpringApplication.java:1291) ~[spring-boot-3.0.2.jar:3.0.2]
	at com.example.bookstorebackendappcfp.BookstoreBackendappCfpApplication.main(BookstoreBackendappCfpApplication.java:14) ~[classes/:na]
	at java.base/jdk.internal.reflect.DirectMethodHandleAccessor.invoke(DirectMethodHandleAccessor.java:104) ~[na:na]
	at java.base/java.lang.reflect.Method.invoke(Method.java:577) ~[na:na]
	at org.springframework.boot.devtools.restart.RestartLauncher.run(RestartLauncher.java:49) ~[spring-boot-devtools-3.0.2.jar:3.0.2]
Caused by: org.springframework.beans.factory.UnsatisfiedDependencyException: Error creating bean with name 'bookService': Unsatisfied dependency expressed through field 'bookRepo': Error creating bean with name 'bookRepository' defined in com.example.bookstorebackendappcfp.repository.BookRepository defined in @EnableJpaRepositories declared on JpaRepositoriesRegistrar.EnableJpaRepositoriesConfiguration: Not a managed type: class com.example.bookstorebackendappcfp.Model.Book
	at org.springframework.beans.factory.annotation.AutowiredAnnotationBeanPostProcessor$AutowiredFieldElement.resolveFieldValue(AutowiredAnnotationBeanPostProcessor.java:712) ~[spring-beans-6.0.4.jar:6.0.4]
	at org.springframework.beans.factory.annotation.AutowiredAnnotationBeanPostProcessor$AutowiredFieldElement.inject(AutowiredAnnotationBeanPostProcessor.java:692) ~[spring-beans-6.0.4.jar:6.0.4]
	at org.springframework.beans.factory.annotation.InjectionMetadata.inject(InjectionMetadata.java:133) ~[spring-beans-6.0.4.jar:6.0.4]
	at org.springframework.beans.factory.annotation.AutowiredAnnotationBeanPostProcessor.postProcessProperties(AutowiredAnnotationBeanPostProcessor.java:481) ~[spring-beans-6.0.4.jar:6.0.4]
	at org.springframework.beans.factory.support.AbstractAutowireCapableBeanFactory.populateBean(AbstractAutowireCapableBeanFactory.java:1397) ~[spring-beans-6.0.4.jar:6.0.4]
	at org.springframework.beans.factory.support.AbstractAutowireCapableBeanFactory.doCreateBean(AbstractAutowireCapableBeanFactory.java:598) ~[spring-beans-6.0.4.jar:6.0.4]
	at org.springframework.beans.factory.support.AbstractAutowireCapableBeanFactory.createBean(AbstractAutowireCapableBeanFactory.java:521) ~[spring-beans-6.0.4.jar:6.0.4]
	at org.springframework.beans.factory.support.AbstractBeanFactory.lambda$doGetBean$0(AbstractBeanFactory.java:326) ~[spring-beans-6.0.4.jar:6.0.4]
	at org.springframework.beans.factory.support.DefaultSingletonBeanRegistry.getSingleton(DefaultSingletonBeanRegistry.java:234) ~[spring-beans-6.0.4.jar:6.0.4]
	at org.springframework.beans.factory.support.AbstractBeanFactory.doGetBean(AbstractBeanFactory.java:324) ~[spring-beans-6.0.4.jar:6.0.4]
	at org.springframework.beans.factory.support.AbstractBeanFactory.getBean(AbstractBeanFactory.java:200) ~[spring-beans-6.0.4.jar:6.0.4]
	at org.springframework.beans.factory.config.DependencyDescriptor.resolveCandidate(DependencyDescriptor.java:254) ~[spring-beans-6.0.4.jar:6.0.4]
	at org.springframework.beans.factory.support.DefaultListableBeanFactory.doResolveDependency(DefaultListableBeanFactory.java:1405) ~[spring-beans-6.0.4.jar:6.0.4]
	at org.springframework.beans.factory.support.DefaultListableBeanFactory.resolveDependency(DefaultListableBeanFactory.java:1325) ~[spring-beans-6.0.4.jar:6.0.4]
	at org.springframework.beans.factory.annotation.AutowiredAnnotationBeanPostProcessor$AutowiredFieldElement.resolveFieldValue(AutowiredAnnotationBeanPostProcessor.java:709) ~[spring-beans-6.0.4.jar:6.0.4]
	... 23 common frames omitted
Caused by: org.springframework.beans.factory.BeanCreationException: Error creating bean with name 'bookRepository' defined in com.example.bookstorebackendappcfp.repository.BookRepository defined in @EnableJpaRepositories declared on JpaRepositoriesRegistrar.EnableJpaRepositoriesConfiguration: Not a managed type: class com.example.bookstorebackendappcfp.Model.Book
	at org.springframework.beans.factory.support.AbstractAutowireCapableBeanFactory.initializeBean(AbstractAutowireCapableBeanFactory.java:1751) ~[spring-beans-6.0.4.jar:6.0.4]
	at org.springframework.beans.factory.support.AbstractAutowireCapableBeanFactory.doCreateBean(AbstractAutowireCapableBeanFactory.java:599) ~[spring-beans-6.0.4.jar:6.0.4]
	at org.springframework.beans.factory.support.AbstractAutowireCapableBeanFactory.createBean(AbstractAutowireCapableBeanFactory.java:521) ~[spring-beans-6.0.4.jar:6.0.4]
	at org.springframework.beans.factory.support.AbstractBeanFactory.lambda$doGetBean$0(AbstractBeanFactory.java:326) ~[spring-beans-6.0.4.jar:6.0.4]
	at org.springframework.beans.factory.support.DefaultSingletonBeanRegistry.getSingleton(DefaultSingletonBeanRegistry.java:234) ~[spring-beans-6.0.4.jar:6.0.4]
	at org.springframework.beans.factory.support.AbstractBeanFactory.doGetBean(AbstractBeanFactory.java:324) ~[spring-beans-6.0.4.jar:6.0.4]
	at org.springframework.beans.factory.support.AbstractBeanFactory.getBean(AbstractBeanFactory.java:200) ~[spring-beans-6.0.4.jar:6.0.4]
	at org.springframework.beans.factory.config.DependencyDescriptor.resolveCandidate(DependencyDescriptor.java:254) ~[spring-beans-6.0.4.jar:6.0.4]
	at org.springframework.beans.factory.support.DefaultListableBeanFactory.doResolveDependency(DefaultListableBeanFactory.java:1405) ~[spring-beans-6.0.4.jar:6.0.4]
	at org.springframework.beans.factory.support.DefaultListableBeanFactory.resolveDependency(DefaultListableBeanFactory.java:1325) ~[spring-beans-6.0.4.jar:6.0.4]
	at org.springframework.beans.factory.annotation.AutowiredAnnotationBeanPostProcessor$AutowiredFieldElement.resolveFieldValue(AutowiredAnnotationBeanPostProcessor.java:709) ~[spring-beans-6.0.4.jar:6.0.4]
	... 37 common frames omitted
Caused by: java.lang.IllegalArgumentException: Not a managed type: class com.example.bookstorebackendappcfp.Model.Book
	at org.hibernate.metamodel.model.domain.internal.JpaMetamodelImpl.managedType(JpaMetamodelImpl.java:181) ~[hibernate-core-6.1.6.Final.jar:6.1.6.Final]
	at org.hibernate.metamodel.model.domain.internal.MappingMetamodelImpl.managedType(MappingMetamodelImpl.java:496) ~[hibernate-core-6.1.6.Final.jar:6.1.6.Final]
	at org.hibernate.metamodel.model.domain.internal.MappingMetamodelImpl.managedType(MappingMetamodelImpl.java:99) ~[hibernate-core-6.1.6.Final.jar:6.1.6.Final]
	at org.springframework.data.jpa.repository.support.JpaMetamodelEntityInformation.<init>(JpaMetamodelEntityInformation.java:77) ~[spring-data-jpa-3.0.1.jar:3.0.1]
	at org.springframework.data.jpa.repository.support.JpaEntityInformationSupport.getEntityInformation(JpaEntityInformationSupport.java:69) ~[spring-data-jpa-3.0.1.jar:3.0.1]
	at org.springframework.data.jpa.repository.support.JpaRepositoryFactory.getEntityInformation(JpaRepositoryFactory.java:246) ~[spring-data-jpa-3.0.1.jar:3.0.1]
	at org.springframework.data.jpa.repository.support.JpaRepositoryFactory.getTargetRepository(JpaRepositoryFactory.java:211) ~[spring-data-jpa-3.0.1.jar:3.0.1]
	at org.springframework.data.jpa.repository.support.JpaRepositoryFactory.getTargetRepository(JpaRepositoryFactory.java:194) ~[spring-data-jpa-3.0.1.jar:3.0.1]
	at org.springframework.data.jpa.repository.support.JpaRepositoryFactory.getTargetRepository(JpaRepositoryFactory.java:81) ~[spring-data-jpa-3.0.1.jar:3.0.1]
	at org.springframework.data.repository.core.support.RepositoryFactorySupport.getRepository(RepositoryFactorySupport.java:317) ~[spring-data-commons-3.0.1.jar:3.0.1]
	at org.springframework.data.repository.core.support.RepositoryFactoryBeanSupport.lambda$afterPropertiesSet$5(RepositoryFactoryBeanSupport.java:279) ~[spring-data-commons-3.0.1.jar:3.0.1]
	at org.springframework.data.util.Lazy.getNullable(Lazy.java:245) ~[spring-data-commons-3.0.1.jar:3.0.1]
	at org.springframework.data.util.Lazy.get(Lazy.java:114) ~[spring-data-commons-3.0.1.jar:3.0.1]
	at org.springframework.data.repository.core.support.RepositoryFactoryBeanSupport.afterPropertiesSet(RepositoryFactoryBeanSupport.java:285) ~[spring-data-commons-3.0.1.jar:3.0.1]
	at org.springframework.data.jpa.repository.support.JpaRepositoryFactoryBean.afterPropertiesSet(JpaRepositoryFactoryBean.java:132) ~[spring-data-jpa-3.0.1.jar:3.0.1]
	at org.springframework.beans.factory.support.AbstractAutowireCapableBeanFactory.invokeInitMethods(AbstractAutowireCapableBeanFactory.java:1797) ~[spring-beans-6.0.4.jar:6.0.4]
	at org.springframework.beans.factory.support.AbstractAutowireCapableBeanFactory.initializeBean(AbstractAutowireCapableBeanFactory.java:1747) ~[spring-beans-6.0.4.jar:6.0.4]
	... 47 common frames omitted

2023-01-31T11:23:44.481+05:30  INFO 5632 --- [restartedMain] c.e.b.BookstoreBackendappCfpApplication  : Starting BookstoreBackendappCfpApplication using Java 18.0.2.1 with PID 5632 (E:\brglabz\CFP\bookstore-backendapp-cfp\target\classes started by iliya in E:\brglabz\CFP\bookstore-backendapp-cfp)
2023-01-31T11:23:44.484+05:30 DEBUG 5632 --- [restartedMain] c.e.b.BookstoreBackendappCfpApplication  : Running with Spring Boot v3.0.2, Spring v6.0.4
2023-01-31T11:23:44.486+05:30  INFO 5632 --- [restartedMain] c.e.b.BookstoreBackendappCfpApplication  : The following 1 profile is active: "dev"
2023-01-31T11:23:54.399+05:30 DEBUG 5632 --- [restartedMain] c.e.b.filter.JwtFilter                   : Filter 'jwtFilter' configured for use
2023-01-31T11:23:54.720+05:30  WARN 5632 --- [restartedMain] JpaBaseConfiguration$JpaWebConfiguration : spring.jpa.open-in-view is enabled by default. Therefore, database queries may be performed during view rendering. Explicitly configure spring.jpa.open-in-view to disable this warning
2023-01-31T11:23:55.994+05:30  INFO 5632 --- [restartedMain] c.e.b.BookstoreBackendappCfpApplication  : Started BookstoreBackendappCfpApplication in 12.414 seconds (process running for 14.176)
2023-01-31T11:23:56.001+05:30  INFO 5632 --- [restartedMain] c.e.b.BookstoreBackendappCfpApplication  : Bookstore App Started in DEV Environment
2023-01-31T11:23:56.003+05:30  INFO 5632 --- [restartedMain] c.e.b.BookstoreBackendappCfpApplication  : Bookstore DB User is root Environment
2023-01-31T11:45:39.935+05:30  WARN 5632 --- [http-nio-8080-exec-5] .m.m.a.ExceptionHandlerExceptionResolver : Resolved [org.springframework.http.converter.HttpMessageNotReadableException: Required request body is missing: public org.springframework.http.ResponseEntity<com.example.bookstorebackendappcfp.DTO.ResponseDTO> com.example.bookstorebackendappcfp.Controllers.BookController.updateBook(com.example.bookstorebackendappcfp.DTO.BookDTO,int) throws com.example.bookstorebackendappcfp.Exception.BookNotFoundException,org.springframework.web.bind.MethodArgumentNotValidException]
2023-01-31T11:47:30.713+05:30  WARN 5632 --- [http-nio-8080-exec-1] .w.s.m.s.DefaultHandlerExceptionResolver : Resolved [org.springframework.web.bind.MissingServletRequestParameterException: Required request parameter 'startPage' for method parameter type int is not present]
2023-01-31T11:47:30.724+05:30 ERROR 5632 --- [http-nio-8080-exec-1] c.e.b.Config.AuthEntryPoint              : Unauthorized error: Full authentication is required to access this resource
2023-01-31T11:47:43.163+05:30  WARN 5632 --- [http-nio-8080-exec-2] .w.s.m.s.DefaultHandlerExceptionResolver : Resolved [org.springframework.web.bind.MissingServletRequestParameterException: Required request parameter 'startPage' for method parameter type int is not present]
2023-01-31T11:47:43.166+05:30 ERROR 5632 --- [http-nio-8080-exec-2] c.e.b.Config.AuthEntryPoint              : Unauthorized error: Full authentication is required to access this resource
2023-01-31T11:51:57.801+05:30 ERROR 5632 --- [http-nio-8080-exec-1] c.e.b.Config.AuthEntryPoint              : Unauthorized error: Full authentication is required to access this resource
2023-01-31T11:52:06.723+05:30  WARN 5632 --- [http-nio-8080-exec-2] .w.s.m.s.DefaultHandlerExceptionResolver : Resolved [org.springframework.web.HttpRequestMethodNotSupportedException: Request method 'GET' is not supported]
2023-01-31T11:52:06.728+05:30 ERROR 5632 --- [http-nio-8080-exec-2] c.e.b.Config.AuthEntryPoint              : Unauthorized error: Full authentication is required to access this resource
2023-01-31T12:13:42.715+05:30  INFO 4612 --- [restartedMain] c.e.b.BookstoreBackendappCfpApplication  : Starting BookstoreBackendappCfpApplication using Java 18.0.2.1 with PID 4612 (E:\brglabz\CFP\bookstore-backendapp-cfp\target\classes started by iliya in E:\brglabz\CFP\bookstore-backendapp-cfp)
2023-01-31T12:13:42.775+05:30 DEBUG 4612 --- [restartedMain] c.e.b.BookstoreBackendappCfpApplication  : Running with Spring Boot v3.0.2, Spring v6.0.4
2023-01-31T12:13:42.778+05:30  INFO 4612 --- [restartedMain] c.e.b.BookstoreBackendappCfpApplication  : The following 1 profile is active: "dev"
2023-01-31T12:14:53.075+05:30 DEBUG 4612 --- [restartedMain] c.e.b.filter.JwtFilter                   : Filter 'jwtFilter' configured for use
2023-01-31T12:14:55.432+05:30  WARN 4612 --- [restartedMain] JpaBaseConfiguration$JpaWebConfiguration : spring.jpa.open-in-view is enabled by default. Therefore, database queries may be performed during view rendering. Explicitly configure spring.jpa.open-in-view to disable this warning
2023-01-31T12:14:57.821+05:30  INFO 4612 --- [restartedMain] c.e.b.BookstoreBackendappCfpApplication  : Started BookstoreBackendappCfpApplication in 80.061 seconds (process running for 123.315)
2023-01-31T12:14:57.838+05:30  INFO 4612 --- [restartedMain] c.e.b.BookstoreBackendappCfpApplication  : Bookstore App Started in DEV Environment
2023-01-31T12:14:57.843+05:30  INFO 4612 --- [restartedMain] c.e.b.BookstoreBackendappCfpApplication  : Bookstore DB User is root Environment
2023-01-31T12:17:25.744+05:30  INFO 12776 --- [restartedMain] c.e.b.BookstoreBackendappCfpApplication  : Starting BookstoreBackendappCfpApplication using Java 18.0.2.1 with PID 12776 (E:\brglabz\CFP\bookstore-backendapp-cfp\target\classes started by iliya in E:\brglabz\CFP\bookstore-backendapp-cfp)
2023-01-31T12:17:25.747+05:30 DEBUG 12776 --- [restartedMain] c.e.b.BookstoreBackendappCfpApplication  : Running with Spring Boot v3.0.2, Spring v6.0.4
2023-01-31T12:17:25.749+05:30  INFO 12776 --- [restartedMain] c.e.b.BookstoreBackendappCfpApplication  : The following 1 profile is active: "dev"
2023-01-31T12:17:35.995+05:30 DEBUG 12776 --- [restartedMain] c.e.b.filter.JwtFilter                   : Filter 'jwtFilter' configured for use
2023-01-31T12:17:36.188+05:30  WARN 12776 --- [restartedMain] JpaBaseConfiguration$JpaWebConfiguration : spring.jpa.open-in-view is enabled by default. Therefore, database queries may be performed during view rendering. Explicitly configure spring.jpa.open-in-view to disable this warning
2023-01-31T12:17:37.042+05:30  INFO 12776 --- [restartedMain] c.e.b.BookstoreBackendappCfpApplication  : Started BookstoreBackendappCfpApplication in 12.666 seconds (process running for 16.808)
2023-01-31T12:17:37.046+05:30  INFO 12776 --- [restartedMain] c.e.b.BookstoreBackendappCfpApplication  : Bookstore App Started in DEV Environment
2023-01-31T12:17:37.048+05:30  INFO 12776 --- [restartedMain] c.e.b.BookstoreBackendappCfpApplication  : Bookstore DB User is root Environment
2023-01-31T12:51:29.342+05:30  INFO 11340 --- [restartedMain] c.e.b.BookstoreBackendappCfpApplication  : Starting BookstoreBackendappCfpApplication using Java 18.0.2.1 with PID 11340 (E:\brglabz\CFP\bookstore-backendapp-cfp\target\classes started by iliya in E:\brglabz\CFP\bookstore-backendapp-cfp)
2023-01-31T12:51:29.345+05:30 DEBUG 11340 --- [restartedMain] c.e.b.BookstoreBackendappCfpApplication  : Running with Spring Boot v3.0.2, Spring v6.0.4
2023-01-31T12:51:29.347+05:30  INFO 11340 --- [restartedMain] c.e.b.BookstoreBackendappCfpApplication  : The following 1 profile is active: "dev"
2023-01-31T12:51:53.397+05:30 DEBUG 11340 --- [restartedMain] c.e.b.filter.JwtFilter                   : Filter 'jwtFilter' configured for use
2023-01-31T12:51:54.144+05:30  WARN 11340 --- [restartedMain] JpaBaseConfiguration$JpaWebConfiguration : spring.jpa.open-in-view is enabled by default. Therefore, database queries may be performed during view rendering. Explicitly configure spring.jpa.open-in-view to disable this warning
2023-01-31T12:51:54.784+05:30  INFO 11340 --- [restartedMain] c.e.b.BookstoreBackendappCfpApplication  : Started BookstoreBackendappCfpApplication in 27.334 seconds (process running for 39.868)
2023-01-31T12:51:54.788+05:30  INFO 11340 --- [restartedMain] c.e.b.BookstoreBackendappCfpApplication  : Bookstore App Started in DEV Environment
2023-01-31T12:51:54.789+05:30  INFO 11340 --- [restartedMain] c.e.b.BookstoreBackendappCfpApplication  : Bookstore DB User is root Environment
